2024-11-23 16:27:52,107 INFO o.a.j.u.JMeterUtils: Setting Locale to en_EN
2024-11-23 16:27:52,118 INFO o.a.j.JMeter: Loading user properties from: /opt/homebrew/Cellar/jmeter/5.6.3/libexec/bin/user.properties
2024-11-23 16:27:52,118 INFO o.a.j.JMeter: Loading system properties from: /opt/homebrew/Cellar/jmeter/5.6.3/libexec/bin/system.properties
2024-11-23 16:27:52,121 INFO o.a.j.JMeter: Copyright (c) 1998-2024 The Apache Software Foundation
2024-11-23 16:27:52,121 INFO o.a.j.JMeter: Version 5.6.3
2024-11-23 16:27:52,121 INFO o.a.j.JMeter: java.version=21.0.5
2024-11-23 16:27:52,121 INFO o.a.j.JMeter: java.vm.name=OpenJDK 64-Bit Server VM
2024-11-23 16:27:52,121 INFO o.a.j.JMeter: os.name=Mac OS X
2024-11-23 16:27:52,121 INFO o.a.j.JMeter: os.arch=aarch64
2024-11-23 16:27:52,121 INFO o.a.j.JMeter: os.version=15.1.1
2024-11-23 16:27:52,121 INFO o.a.j.JMeter: file.encoding=UTF-8
2024-11-23 16:27:52,121 INFO o.a.j.JMeter: java.awt.headless=true
2024-11-23 16:27:52,121 INFO o.a.j.JMeter: Max memory     =1073741824
2024-11-23 16:27:52,121 INFO o.a.j.JMeter: Available Processors =8
2024-11-23 16:27:52,126 INFO o.a.j.JMeter: Default Locale=English (EN)
2024-11-23 16:27:52,126 INFO o.a.j.JMeter: JMeter  Locale=English (EN)
2024-11-23 16:27:52,126 INFO o.a.j.JMeter: JMeterHome=/opt/homebrew/Cellar/jmeter/5.6.3/libexec
2024-11-23 16:27:52,126 INFO o.a.j.JMeter: user.dir  =/Users/kaloslazo/CompHub/Uni2024/Ingenieria de Software/simulacroExamenFinal
2024-11-23 16:27:52,126 INFO o.a.j.JMeter: PWD       =/Users/kaloslazo/CompHub/Uni2024/Ingenieria de Software/simulacroExamenFinal
2024-11-23 16:27:52,127 INFO o.a.j.JMeter: IP: 192.168.100.60 Name: mbp FullName: 192.168.100.60
2024-11-23 16:27:52,133 INFO o.a.j.JMeter: Setting property 'jmeter.reportgenerator.outputdir' to:'/Users/kaloslazo/CompHub/Uni2024/Ingenieria de Software/simulacroExamenFinal/./tests/out/report'
2024-11-23 16:27:52,134 INFO o.a.j.s.FileServer: Default base='/Users/kaloslazo/CompHub/Uni2024/Ingenieria de Software/simulacroExamenFinal'
2024-11-23 16:27:52,134 INFO o.a.j.s.FileServer: Set new base='/Users/kaloslazo/CompHub/Uni2024/Ingenieria de Software/simulacroExamenFinal/./tests'
2024-11-23 16:27:52,206 INFO o.a.j.s.SaveService: Testplan (JMX) version: 2.2. Testlog (JTL) version: 2.2
2024-11-23 16:27:52,226 INFO o.a.j.s.SaveService: Using SaveService properties version 5.0
2024-11-23 16:27:52,227 INFO o.a.j.s.SaveService: Using SaveService properties file encoding UTF-8
2024-11-23 16:27:52,228 INFO o.a.j.s.SaveService: Loading file: ./tests/testPlan.jmx
2024-11-23 16:27:52,254 INFO o.a.j.p.h.s.HTTPSamplerBase: Parser for text/html is org.apache.jmeter.protocol.http.parser.LagartoBasedHtmlParser
2024-11-23 16:27:52,254 INFO o.a.j.p.h.s.HTTPSamplerBase: Parser for application/xhtml+xml is org.apache.jmeter.protocol.http.parser.LagartoBasedHtmlParser
2024-11-23 16:27:52,254 INFO o.a.j.p.h.s.HTTPSamplerBase: Parser for application/xml is org.apache.jmeter.protocol.http.parser.LagartoBasedHtmlParser
2024-11-23 16:27:52,254 INFO o.a.j.p.h.s.HTTPSamplerBase: Parser for text/xml is org.apache.jmeter.protocol.http.parser.LagartoBasedHtmlParser
2024-11-23 16:27:52,254 INFO o.a.j.p.h.s.HTTPSamplerBase: Parser for text/vnd.wap.wml is org.apache.jmeter.protocol.http.parser.RegexpHTMLParser
2024-11-23 16:27:52,254 INFO o.a.j.p.h.s.HTTPSamplerBase: Parser for text/css is org.apache.jmeter.protocol.http.parser.CssParser
2024-11-23 16:27:52,265 INFO o.a.j.JMeter: Creating summariser <summary>
2024-11-23 16:27:52,267 INFO o.a.j.r.d.ReportGenerator: ReportGenerator will use for Parsing the separator: ','
2024-11-23 16:27:52,267 INFO o.a.j.r.d.ReportGenerator: Will generate report at end of test from  results file: ./tests/out/results.jtl
2024-11-23 16:27:52,267 INFO o.a.j.r.d.ReportGenerator: Reading report generator properties from: /opt/homebrew/Cellar/jmeter/5.6.3/libexec/bin/reportgenerator.properties
2024-11-23 16:27:52,268 INFO o.a.j.r.d.ReportGenerator: Merging with JMeter properties
2024-11-23 16:27:52,269 INFO o.a.j.r.c.ReportGeneratorConfiguration: Property 'jmeter.reportgenerator.temp_dir' not found, using default value 'temp' instead.
2024-11-23 16:27:52,270 INFO o.a.j.r.c.ReportGeneratorConfiguration: Property 'jmeter.reportgenerator.apdex_per_transaction' not found, using default value 'null' instead.
2024-11-23 16:27:52,270 INFO o.a.j.r.c.ReportGeneratorConfiguration: apdex_per_transaction is empty, not APDEX per transaction customization
2024-11-23 16:27:52,270 INFO o.a.j.r.c.ReportGeneratorConfiguration: Property 'jmeter.reportgenerator.sample_filter' not found, using default value 'null' instead.
2024-11-23 16:27:52,270 INFO o.a.j.r.c.ReportGeneratorConfiguration: Property 'jmeter.reportgenerator.report_title' not found, using default value 'null' instead.
2024-11-23 16:27:52,270 INFO o.a.j.r.c.ReportGeneratorConfiguration: Property 'jmeter.reportgenerator.start_date' not found, using default value 'null' instead.
2024-11-23 16:27:52,270 INFO o.a.j.r.c.ReportGeneratorConfiguration: Property 'jmeter.reportgenerator.end_date' not found, using default value 'null' instead.
2024-11-23 16:27:52,270 INFO o.a.j.r.c.ReportGeneratorConfiguration: Property 'jmeter.reportgenerator.date_format' not found, using default value 'null' instead.
2024-11-23 16:27:52,270 INFO o.a.j.r.c.ReportGeneratorConfiguration: Will use date range start date: null, end date: null
2024-11-23 16:27:52,272 INFO o.a.j.r.c.ReportGeneratorConfiguration: Property 'jmeter.reportgenerator.graph.totalTPS.exclude_controllers' not found, using default value 'false' instead.
2024-11-23 16:27:52,272 INFO o.a.j.r.c.ReportGeneratorConfiguration: Property 'jmeter.reportgenerator.graph.activeThreadsOverTime.exclude_controllers' not found, using default value 'false' instead.
2024-11-23 16:27:52,272 INFO o.a.j.r.c.ReportGeneratorConfiguration: Property 'jmeter.reportgenerator.graph.timeVsThreads.exclude_controllers' not found, using default value 'false' instead.
2024-11-23 16:27:52,272 INFO o.a.j.r.c.ReportGeneratorConfiguration: Property 'jmeter.reportgenerator.graph.responseTimeDistribution.exclude_controllers' not found, using default value 'false' instead.
2024-11-23 16:27:52,272 INFO o.a.j.r.c.ReportGeneratorConfiguration: Property 'jmeter.reportgenerator.graph.transactionsPerSecond.exclude_controllers' not found, using default value 'false' instead.
2024-11-23 16:27:52,272 INFO o.a.j.r.c.ReportGeneratorConfiguration: Property 'jmeter.reportgenerator.graph.responseTimePercentiles.exclude_controllers' not found, using default value 'false' instead.
2024-11-23 16:27:52,272 INFO o.a.j.r.c.ReportGeneratorConfiguration: Property 'jmeter.reportgenerator.graph.responseTimePercentilesOverTime.exclude_controllers' not found, using default value 'false' instead.
2024-11-23 16:27:52,272 INFO o.a.j.r.c.ReportGeneratorConfiguration: Property 'jmeter.reportgenerator.graph.responseTimesOverTime.exclude_controllers' not found, using default value 'false' instead.
2024-11-23 16:27:52,272 INFO o.a.j.r.c.ReportGeneratorConfiguration: Property 'jmeter.reportgenerator.graph.connectTimeOverTime.exclude_controllers' not found, using default value 'false' instead.
2024-11-23 16:27:52,272 INFO o.a.j.r.c.ReportGeneratorConfiguration: Property 'jmeter.reportgenerator.graph.latenciesOverTime.exclude_controllers' not found, using default value 'false' instead.
2024-11-23 16:27:52,272 INFO o.a.j.r.c.ReportGeneratorConfiguration: Property 'jmeter.reportgenerator.exporter.json.filters_only_sample_series' not found, using default value 'true' instead.
2024-11-23 16:27:52,272 INFO o.a.j.r.c.ReportGeneratorConfiguration: Property 'jmeter.reportgenerator.exporter.json.series_filter' not found, using default value '' instead.
2024-11-23 16:27:52,272 INFO o.a.j.r.c.ReportGeneratorConfiguration: Property 'jmeter.reportgenerator.exporter.json.show_controllers_only' not found, using default value 'false' instead.
2024-11-23 16:27:52,273 INFO o.a.j.r.c.ReportGeneratorConfiguration: Property 'jmeter.reportgenerator.exporter.html.filters_only_sample_series' not found, using default value 'true' instead.
2024-11-23 16:27:52,273 INFO o.a.j.r.c.ReportGeneratorConfiguration: Property 'jmeter.reportgenerator.exporter.html.series_filter' not found, using default value '' instead.
2024-11-23 16:27:52,273 INFO o.a.j.r.c.ReportGeneratorConfiguration: Property 'jmeter.reportgenerator.exporter.html.show_controllers_only' not found, using default value 'false' instead.
2024-11-23 16:27:52,278 INFO o.a.j.e.StandardJMeterEngine: Running the test!
2024-11-23 16:27:52,279 INFO o.a.j.s.SampleEvent: List of sample_variables: []
2024-11-23 16:27:52,279 INFO o.a.j.s.SampleEvent: List of sample_variables: []
2024-11-23 16:27:52,281 INFO o.a.j.e.u.CompoundVariable: Note: Function class names must contain the string: '.functions.'
2024-11-23 16:27:52,281 INFO o.a.j.e.u.CompoundVariable: Note: Function class names must not contain the string: '.gui.'
2024-11-23 16:27:52,303 INFO o.a.j.r.ClassFinder: Will scan jar /opt/homebrew/Cellar/jmeter/5.6.3/libexec/lib/ext/jmeter-plugins-manager-1.9.jar with filter ExtendsClassFilter [parents=[interface org.apache.jmeter.functions.Function], inner=false, contains=null, notContains=null]. Consider exposing JMeter plugins via META-INF/services, and add JMeter-Skip-Class-Scanning=true manifest attribute so JMeter can skip classfile scanning
2024-11-23 16:27:52,341 INFO o.a.j.JMeter: Running test (1732397272340)
2024-11-23 16:27:52,347 INFO o.a.j.e.StandardJMeterEngine: Starting ThreadGroup: 1 : API Test Group
2024-11-23 16:27:52,347 INFO o.a.j.e.StandardJMeterEngine: Starting 5 threads for group API Test Group.
2024-11-23 16:27:52,347 INFO o.a.j.e.StandardJMeterEngine: Thread will continue on error
2024-11-23 16:27:52,347 INFO o.a.j.t.ThreadGroup: Starting thread group... number=1 threads=5 ramp-up=1 delayedStart=false
2024-11-23 16:27:52,350 INFO o.a.j.t.ThreadGroup: Started thread group number 1
2024-11-23 16:27:52,350 INFO o.a.j.t.JMeterThread: Thread started: API Test Group 1-1
2024-11-23 16:27:52,351 INFO o.a.j.e.StandardJMeterEngine: All thread groups have been started
2024-11-23 16:27:52,358 INFO o.a.j.p.h.s.HTTPHCAbstractImpl: Local host = mbp
2024-11-23 16:27:52,360 INFO o.a.j.p.h.s.HTTPHC4Impl: HTTP request retry count = 0
2024-11-23 16:27:52,361 INFO o.a.j.s.SampleResult: Note: Sample TimeStamps are START times
2024-11-23 16:27:52,361 INFO o.a.j.s.SampleResult: sampleresult.default.encoding is set to UTF-8
2024-11-23 16:27:52,361 INFO o.a.j.s.SampleResult: sampleresult.useNanoTime=true
2024-11-23 16:27:52,361 INFO o.a.j.s.SampleResult: sampleresult.nanoThreadSleep=5000
2024-11-23 16:27:52,551 INFO o.a.j.t.JMeterThread: Thread started: API Test Group 1-2
2024-11-23 16:27:52,753 INFO o.a.j.t.JMeterThread: Thread started: API Test Group 1-3
2024-11-23 16:27:52,953 INFO o.a.j.t.JMeterThread: Thread started: API Test Group 1-4
2024-11-23 16:27:53,149 INFO o.a.j.t.JMeterThread: Thread started: API Test Group 1-5
2024-11-23 16:28:00,001 INFO o.a.j.r.Summariser: summary +  41084 in 00:00:08 = 5363.4/s Avg:     0 Min:     0 Max:    32 Err: 20721 (50.44%) Active: 5 Started: 5 Finished: 0
2024-11-23 16:28:30,001 INFO o.a.j.r.Summariser: summary + 166539 in 00:00:30 = 5551.3/s Avg:     0 Min:     0 Max:     6 Err: 84069 (50.48%) Active: 5 Started: 5 Finished: 0
2024-11-23 16:28:30,002 INFO o.a.j.r.Summariser: summary = 207623 in 00:00:38 = 5513.1/s Avg:     0 Min:     0 Max:    32 Err: 104790 (50.47%)
2024-11-23 16:29:00,000 INFO o.a.j.r.Summariser: summary + 166692 in 00:00:30 = 5556.4/s Avg:     0 Min:     0 Max:     3 Err: 84148 (50.48%) Active: 5 Started: 5 Finished: 0
2024-11-23 16:29:00,001 INFO o.a.j.r.Summariser: summary = 374315 in 00:01:08 = 5532.3/s Avg:     0 Min:     0 Max:    32 Err: 188938 (50.48%)
2024-11-23 16:29:30,000 INFO o.a.j.r.Summariser: summary + 166359 in 00:00:30 = 5545.3/s Avg:     0 Min:     0 Max:     2 Err: 83948 (50.46%) Active: 5 Started: 5 Finished: 0
2024-11-23 16:29:30,002 INFO o.a.j.r.Summariser: summary = 540674 in 00:01:38 = 5536.3/s Avg:     0 Min:     0 Max:    32 Err: 272886 (50.47%)
2024-11-23 16:29:37,827 INFO o.a.j.r.ResultCollector: Shutdown hook started
2024-11-23 16:29:37,828 INFO o.a.j.r.ResultCollector: Shutdown hook ended
